Determining if the pthread_create exist failed with the following output:
Change Dir: /home/neleps/DinoFactory/build/CMakeFiles/CMakeTmp

Run Build Command:"/usr/bin/make" "cmTC_64a01/fast"
/usr/bin/make -f CMakeFiles/cmTC_64a01.dir/build.make CMakeFiles/cmTC_64a01.dir/build
make[1]: вход в каталог «/home/neleps/DinoFactory/build/CMakeFiles/CMakeTmp»
Building C object CMakeFiles/cmTC_64a01.dir/CheckSymbolExists.c.o
/usr/bin/cc    -o CMakeFiles/cmTC_64a01.dir/CheckSymbolExists.c.o   -c /home/neleps/DinoFactory/build/CMakeFiles/CMakeTmp/CheckSymbolExists.c
Linking C executable cmTC_64a01
/usr/bin/cmake -E cmake_link_script CMakeFiles/cmTC_64a01.dir/link.txt --verbose=1
/usr/bin/cc      -rdynamic CMakeFiles/cmTC_64a01.dir/CheckSymbolExists.c.o  -o cmTC_64a01 
CMakeFiles/cmTC_64a01.dir/CheckSymbolExists.c.o: In function `main':
CheckSymbolExists.c:(.text+0x1b): undefined reference to `pthread_create'
collect2: error: ld returned 1 exit status
CMakeFiles/cmTC_64a01.dir/build.make:97: recipe for target 'cmTC_64a01' failed
make[1]: *** [cmTC_64a01] Error 1
make[1]: выход из каталога «/home/neleps/DinoFactory/build/CMakeFiles/CMakeTmp»
Makefile:126: recipe for target 'cmTC_64a01/fast' failed
make: *** [cmTC_64a01/fast] Error 2

File /home/neleps/DinoFactory/build/CMakeFiles/CMakeTmp/CheckSymbolExists.c:
/* */
#include <pthread.h>

int main(int argc, char** argv)
{
  (void)argv;
#ifndef pthread_create
  return ((int*)(&pthread_create))[argc];
#else
  (void)argc;
  return 0;
#endif
}

Determining if the function pthread_create exists in the pthreads failed with the following output:
Change Dir: /home/neleps/DinoFactory/build/CMakeFiles/CMakeTmp

Run Build Command:"/usr/bin/make" "cmTC_bb264/fast"
/usr/bin/make -f CMakeFiles/cmTC_bb264.dir/build.make CMakeFiles/cmTC_bb264.dir/build
make[1]: вход в каталог «/home/neleps/DinoFactory/build/CMakeFiles/CMakeTmp»
Building C object CMakeFiles/cmTC_bb264.dir/CheckFunctionExists.c.o
/usr/bin/cc   -DCHECK_FUNCTION_EXISTS=pthread_create   -o CMakeFiles/cmTC_bb264.dir/CheckFunctionExists.c.o   -c /usr/share/cmake-3.10/Modules/CheckFunctionExists.c
Linking C executable cmTC_bb264
/usr/bin/cmake -E cmake_link_script CMakeFiles/cmTC_bb264.dir/link.txt --verbose=1
/usr/bin/cc  -DCHECK_FUNCTION_EXISTS=pthread_create    -rdynamic CMakeFiles/cmTC_bb264.dir/CheckFunctionExists.c.o  -o cmTC_bb264 -lpthreads 
/usr/bin/ld: cannot find -lpthreads
collect2: error: ld returned 1 exit status
CMakeFiles/cmTC_bb264.dir/build.make:97: recipe for target 'cmTC_bb264' failed
make[1]: *** [cmTC_bb264] Error 1
make[1]: выход из каталога «/home/neleps/DinoFactory/build/CMakeFiles/CMakeTmp»
Makefile:126: recipe for target 'cmTC_bb264/fast' failed
make: *** [cmTC_bb264/fast] Error 2


Performing C SOURCE FILE Test CMAKE_HAVE_LIBC_PTHREAD failed with the following output:
Change Dir: /home/neleps/DinoFactory/build/CMakeFiles/CMakeTmp

Run Build Command(s):/usr/bin/make -f Makefile cmTC_646b1/fast && /usr/bin/make  -f CMakeFiles/cmTC_646b1.dir/build.make CMakeFiles/cmTC_646b1.dir/build
make[1]: вход в каталог «/home/neleps/DinoFactory/build/CMakeFiles/CMakeTmp»
Building C object CMakeFiles/cmTC_646b1.dir/src.c.o
/usr/bin/cc -DCMAKE_HAVE_LIBC_PTHREAD   -o CMakeFiles/cmTC_646b1.dir/src.c.o -c /home/neleps/DinoFactory/build/CMakeFiles/CMakeTmp/src.c
Linking C executable cmTC_646b1
/snap/clion/169/bin/cmake/linux/bin/cmake -E cmake_link_script CMakeFiles/cmTC_646b1.dir/link.txt --verbose=1
/usr/bin/cc -rdynamic CMakeFiles/cmTC_646b1.dir/src.c.o -o cmTC_646b1 
CMakeFiles/cmTC_646b1.dir/src.c.o: In function `main':
src.c:(.text+0x3e): undefined reference to `pthread_create'
src.c:(.text+0x4a): undefined reference to `pthread_detach'
src.c:(.text+0x56): undefined reference to `pthread_cancel'
src.c:(.text+0x67): undefined reference to `pthread_join'
src.c:(.text+0x7b): undefined reference to `pthread_atfork'
collect2: error: ld returned 1 exit status
CMakeFiles/cmTC_646b1.dir/build.make:98: recipe for target 'cmTC_646b1' failed
make[1]: *** [cmTC_646b1] Error 1
make[1]: выход из каталога «/home/neleps/DinoFactory/build/CMakeFiles/CMakeTmp»
Makefile:127: recipe for target 'cmTC_646b1/fast' failed
make: *** [cmTC_646b1/fast] Error 2


Source file was:
#include <pthread.h>

static void* test_func(void* data)
{
  return data;
}

int main(void)
{
  pthread_t thread;
  pthread_create(&thread, NULL, test_func, NULL);
  pthread_detach(thread);
  pthread_cancel(thread);
  pthread_join(thread, NULL);
  pthread_atfork(NULL, NULL, NULL);
  pthread_exit(NULL);

  return 0;
}

